<?xml version="1.0" encoding="UTF-8"?>
<!-- Generated by org.testng.reporters.JUnitReportReporter -->
<testsuite hostname="LAPTOP-SS4VTGCI" failures="0" tests="1" name="learningAPI.TC001_GET_Request" time="1.618" errors="0" timestamp="22 Feb 2020 21:11:46 GMT" skipped="0">
  <testcase classname="learningAPI.TC001_GET_Request" name="getweatherDetails" time="1.618"/>
</testsuite> <!-- learningAPI.TC001_GET_Request -->
