<?xml version="1.0" encoding="UTF-8"?>
<!-- Generated by org.testng.reporters.JUnitReportReporter -->
<testsuite hostname="LAPTOP-SS4VTGCI" failures="0" tests="1" name="learningAPI.TC002_POST_Request" time="1.694" errors="0" timestamp="22 Feb 2020 21:11:20 GMT" skipped="0">
  <testcase classname="learningAPI.TC002_POST_Request" name="RegistrationSuccessful" time="1.694"/>
</testsuite> <!-- learningAPI.TC002_POST_Request -->
